<?xml version="1.0" encoding="UTF-8"?>
<!-- Generated by org.testng.reporters.JUnitXMLReporter -->
<testsuite ignored="9" hostname="DESKTOP-ORMUMH8" failures="0" tests="1" name="Default test" time="16.402" errors="0" timestamp="2024-06-23T16:55:59 BDT">
  <testcase classname="testcases.LandingPageTestCaeses" name="ButtonVerifyNine" time="1.667"/>
  <testcase classname="testcases.LandingPageTestCaeses" name="ButtonVerifyEight" time="0.0">
    <ignored/>
  </testcase> <!-- ButtonVerifyEight -->
  <testcase classname="testcases.LandingPageTestCaeses" name="ButtonVerifyThree" time="0.0">
    <ignored/>
  </testcase> <!-- ButtonVerifyThree -->
  <testcase classname="testcases.LandingPageTestCaeses" name="ButtonVerifyTwo" time="0.0">
    <ignored/>
  </testcase> <!-- ButtonVerifyTwo -->
  <testcase classname="testcases.LandingPageTestCaeses" name="ButtonVerifyZero" time="0.0">
    <ignored/>
  </testcase> <!-- ButtonVerifyZero -->
  <testcase classname="testcases.LandingPageTestCaeses" name="ButtonVerifySeven" time="0.0">
    <ignored/>
  </testcase> <!-- ButtonVerifySeven -->
  <testcase classname="testcases.LandingPageTestCaeses" name="ButtonVerifyFour" time="0.0">
    <ignored/>
  </testcase> <!-- ButtonVerifyFour -->
  <testcase classname="testcases.LandingPageTestCaeses" name="ButtonVerifySix" time="0.0">
    <ignored/>
  </testcase> <!-- ButtonVerifySix -->
  <testcase classname="testcases.LandingPageTestCaeses" name="ButtonVerifyFive" time="0.0">
    <ignored/>
  </testcase> <!-- ButtonVerifyFive -->
  <testcase classname="testcases.LandingPageTestCaeses" name="ButtonVerifyOne" time="0.0">
    <ignored/>
  </testcase> <!-- ButtonVerifyOne -->
</testsuite> <!-- Default test -->
