<?xml version="1.0" encoding="UTF-8"?>
<testng-results ignored="0" total="1" passed="1" failed="0" skipped="0">
  <reporter-output>
  </reporter-output>
  <suite started-at="2024-06-09T17:32:37 BDT" name="Default suite" finished-at="2024-06-09T17:33:34 BDT" duration-ms="56969">
    <groups>
    </groups>
    <test started-at="2024-06-09T17:32:37 BDT" name="Default test" finished-at="2024-06-09T17:33:34 BDT" duration-ms="56969">
      <class name="testcases.LandingPageTestCaeses">
        <test-method is-config="true" signature="setDriver()[pri:0, instance:testcases.LandingPageTestCaeses@59e32960]" started-at="2024-06-09T17:32:37 BDT" name="setDriver" finished-at="2024-06-09T17:33:21 BDT" duration-ms="44533" status="PASS">
          <reporter-output>
          </reporter-output>
        </test-method> <!-- setDriver -->
        <test-method signature="appRun()[pri:0, instance:testcases.LandingPageTestCaeses@59e32960]" started-at="2024-06-09T17:33:22 BDT" name="appRun" finished-at="2024-06-09T17:33:32 BDT" duration-ms="10137" status="PASS">
          <reporter-output>
          </reporter-output>
        </test-method> <!-- appRun -->
        <test-method is-config="true" signature="quitDeiver()[pri:0, instance:testcases.LandingPageTestCaeses@59e32960]" started-at="2024-06-09T17:33:32 BDT" name="quitDeiver" finished-at="2024-06-09T17:33:34 BDT" duration-ms="1966" status="PASS">
          <reporter-output>
          </reporter-output>
        </test-method> <!-- quitDeiver -->
      </class> <!-- testcases.LandingPageTestCaeses -->
    </test> <!-- Default test -->
  </suite> <!-- Default suite -->
</testng-results>
