<?xml version="1.0" encoding="UTF-8"?>
<testng-results ignored="9" total="10" passed="1" failed="0" skipped="0">
  <reporter-output>
  </reporter-output>
  <suite started-at="2024-06-23T16:55:42 BDT" name="Default suite" finished-at="2024-06-23T16:55:59 BDT" duration-ms="16402">
    <groups>
    </groups>
    <test started-at="2024-06-23T16:55:42 BDT" name="Default test" finished-at="2024-06-23T16:55:59 BDT" duration-ms="16402">
      <class name="testcases.LandingPageTestCaeses">
        <test-method is-config="true" signature="setDriver()[pri:0, instance:testcases.LandingPageTestCaeses@5c2375a9]" started-at="2024-06-23T16:55:42 BDT" name="setDriver" finished-at="2024-06-23T16:55:56 BDT" duration-ms="13537" status="PASS">
          <reporter-output>
          </reporter-output>
        </test-method> <!-- setDriver -->
        <test-method signature="ButtonVerifyNine()[pri:0, instance:testcases.LandingPageTestCaeses@5c2375a9]" started-at="2024-06-23T16:55:56 BDT" name="ButtonVerifyNine" finished-at="2024-06-23T16:55:58 BDT" duration-ms="1667" status="PASS">
          <reporter-output>
          </reporter-output>
        </test-method> <!-- ButtonVerifyNine -->
        <test-method is-config="true" signature="quitDeiver()[pri:0, instance:testcases.LandingPageTestCaeses@5c2375a9]" started-at="2024-06-23T16:55:58 BDT" name="quitDeiver" finished-at="2024-06-23T16:55:59 BDT" duration-ms="988" status="PASS">
          <reporter-output>
          </reporter-output>
        </test-method> <!-- quitDeiver -->
      </class> <!-- testcases.LandingPageTestCaeses -->
    </test> <!-- Default test -->
  </suite> <!-- Default suite -->
</testng-results>
